2023/08/19 07:50:39 [emerg] 1#1: open() "/etc/nginx/nginx.conf" failed (2: No such file or directory)
2023/08/19 07:50:40 [emerg] 1#1: open() "/etc/nginx/nginx.conf" failed (2: No such file or directory)
2023/08/19 07:50:40 [emerg] 1#1: open() "/etc/nginx/nginx.conf" failed (2: No such file or directory)
2023/08/19 07:50:41 [emerg] 1#1: open() "/etc/nginx/nginx.conf" failed (2: No such file or directory)
2023/08/19 07:50:42 [emerg] 1#1: open() "/etc/nginx/nginx.conf" failed (2: No such file or directory)
2023/08/19 07:50:44 [emerg] 1#1: open() "/etc/nginx/nginx.conf" failed (2: No such file or directory)
2023/08/19 07:50:47 [emerg] 1#1: open() "/etc/nginx/nginx.conf" failed (2: No such file or directory)
2023/08/19 07:50:54 [emerg] 1#1: open() "/etc/nginx/nginx.conf" failed (2: No such file or directory)
2023/08/19 07:51:07 [emerg] 1#1: open() "/etc/nginx/nginx.conf" failed (2: No such file or directory)
2023/08/19 07:51:33 [emerg] 1#1: open() "/etc/nginx/nginx.conf" failed (2: No such file or directory)
2023/08/19 07:51:45 [emerg] 1#1: open() "/var/logs/nginx/error.log" failed (2: No such file or directory)
2023/08/19 07:51:45 [emerg] 1#1: open() "/var/logs/nginx/error.log" failed (2: No such file or directory)
2023/08/19 07:51:46 [emerg] 1#1: open() "/var/logs/nginx/error.log" failed (2: No such file or directory)
2023/08/19 07:51:47 [emerg] 1#1: open() "/var/logs/nginx/error.log" failed (2: No such file or directory)
2023/08/19 07:51:48 [emerg] 1#1: open() "/var/logs/nginx/error.log" failed (2: No such file or directory)
2023/08/19 07:51:50 [emerg] 1#1: open() "/var/logs/nginx/error.log" failed (2: No such file or directory)
2023/08/19 07:51:53 [emerg] 1#1: open() "/var/logs/nginx/error.log" failed (2: No such file or directory)
2023/08/19 07:52:00 [emerg] 1#1: open() "/var/logs/nginx/error.log" failed (2: No such file or directory)
2023/08/19 07:52:13 [emerg] 1#1: open() "/var/logs/nginx/error.log" failed (2: No such file or directory)
2023/08/19 07:52:39 [emerg] 1#1: open() "/var/logs/nginx/error.log" failed (2: No such file or directory)
2023/08/19 07:53:30 [emerg] 1#1: open() "/var/logs/nginx/error.log" failed (2: No such file or directory)
2023/08/19 07:54:15 [notice] 1#1: using the "epoll" event method
2023/08/19 07:54:15 [notice] 1#1: nginx/1.25.2
2023/08/19 07:54:15 [notice] 1#1: built by gcc 12.2.0 (Debian 12.2.0-14) 
2023/08/19 07:54:15 [notice] 1#1: OS: Linux 5.15.49-linuxkit
2023/08/19 07:54:15 [notice] 1#1: getrlimit(RLIMIT_NOFILE): 1048576:1048576
2023/08/19 07:54:15 [notice] 1#1: start worker processes
2023/08/19 07:54:15 [notice] 1#1: start worker process 21
2023/08/19 07:54:15 [notice] 1#1: start worker process 22
2023/08/19 07:54:15 [notice] 1#1: start worker process 23
2023/08/19 07:54:15 [notice] 1#1: start worker process 24
2023/08/19 08:18:03 [notice] 1#1: signal 3 (SIGQUIT) received, shutting down
2023/08/19 08:18:03 [notice] 21#21: gracefully shutting down
2023/08/19 08:18:03 [notice] 24#24: gracefully shutting down
2023/08/19 08:18:03 [notice] 24#24: exiting
2023/08/19 08:18:03 [notice] 22#22: gracefully shutting down
2023/08/19 08:18:03 [notice] 22#22: exiting
2023/08/19 08:18:03 [notice] 23#23: gracefully shutting down
2023/08/19 08:18:03 [notice] 21#21: exiting
2023/08/19 08:18:03 [notice] 21#21: exit
2023/08/19 08:18:03 [notice] 24#24: exit
2023/08/19 08:18:03 [notice] 22#22: exit
2023/08/19 08:18:03 [notice] 23#23: exiting
2023/08/19 08:18:03 [notice] 23#23: exit
2023/08/19 08:18:03 [notice] 1#1: signal 17 (SIGCHLD) received from 24
2023/08/19 08:18:03 [notice] 1#1: worker process 24 exited with code 0
2023/08/19 08:18:03 [notice] 1#1: signal 29 (SIGIO) received
2023/08/19 08:18:03 [notice] 1#1: signal 17 (SIGCHLD) received from 22
2023/08/19 08:18:03 [notice] 1#1: worker process 22 exited with code 0
2023/08/19 08:18:03 [notice] 1#1: signal 29 (SIGIO) received
2023/08/19 08:18:03 [notice] 1#1: signal 17 (SIGCHLD) received from 21
2023/08/19 08:18:03 [notice] 1#1: worker process 21 exited with code 0
2023/08/19 08:18:03 [notice] 1#1: signal 29 (SIGIO) received
2023/08/19 08:18:03 [notice] 1#1: signal 17 (SIGCHLD) received from 23
2023/08/19 08:18:03 [notice] 1#1: worker process 23 exited with code 0
2023/08/19 08:18:03 [notice] 1#1: exit
2023/08/19 08:18:14 [notice] 1#1: using the "epoll" event method
2023/08/19 08:18:14 [notice] 1#1: nginx/1.25.2
2023/08/19 08:18:14 [notice] 1#1: built by gcc 12.2.0 (Debian 12.2.0-14) 
2023/08/19 08:18:14 [notice] 1#1: OS: Linux 5.15.49-linuxkit
2023/08/19 08:18:14 [notice] 1#1: getrlimit(RLIMIT_NOFILE): 1048576:1048576
2023/08/19 08:18:14 [notice] 1#1: start worker processes
2023/08/19 08:18:14 [notice] 1#1: start worker process 20
2023/08/19 08:18:14 [notice] 1#1: start worker process 21
2023/08/19 08:18:14 [notice] 1#1: start worker process 22
2023/08/19 08:18:14 [notice] 1#1: start worker process 23
2023/08/19 08:19:05 [notice] 1#1: signal 3 (SIGQUIT) received, shutting down
2023/08/19 08:19:05 [notice] 20#20: gracefully shutting down
2023/08/19 08:19:05 [notice] 21#21: gracefully shutting down
2023/08/19 08:19:05 [notice] 22#22: gracefully shutting down
2023/08/19 08:19:05 [notice] 22#22: exiting
2023/08/19 08:19:05 [notice] 23#23: gracefully shutting down
2023/08/19 08:19:05 [notice] 21#21: exiting
2023/08/19 08:19:05 [notice] 21#21: exit
2023/08/19 08:19:05 [notice] 22#22: exit
2023/08/19 08:19:05 [notice] 23#23: exiting
2023/08/19 08:19:05 [notice] 23#23: exit
2023/08/19 08:19:05 [notice] 1#1: signal 17 (SIGCHLD) received from 21
2023/08/19 08:19:05 [notice] 1#1: worker process 21 exited with code 0
2023/08/19 08:19:05 [notice] 1#1: signal 29 (SIGIO) received
2023/08/19 08:19:05 [notice] 1#1: signal 17 (SIGCHLD) received from 22
2023/08/19 08:19:05 [notice] 1#1: worker process 22 exited with code 0
2023/08/19 08:19:05 [notice] 1#1: signal 29 (SIGIO) received
2023/08/19 08:19:05 [notice] 1#1: signal 17 (SIGCHLD) received from 23
2023/08/19 08:19:05 [notice] 1#1: worker process 23 exited with code 0
2023/08/19 08:19:05 [notice] 1#1: signal 29 (SIGIO) received
2023/08/19 08:19:24 [notice] 1#1: using the "epoll" event method
2023/08/19 08:19:24 [notice] 1#1: nginx/1.25.2
2023/08/19 08:19:24 [notice] 1#1: built by gcc 12.2.0 (Debian 12.2.0-14) 
2023/08/19 08:19:24 [notice] 1#1: OS: Linux 5.15.49-linuxkit
2023/08/19 08:19:24 [notice] 1#1: getrlimit(RLIMIT_NOFILE): 1048576:1048576
2023/08/19 08:19:24 [notice] 1#1: start worker processes
2023/08/19 08:19:24 [notice] 1#1: start worker process 20
2023/08/19 08:19:24 [notice] 1#1: start worker process 21
2023/08/19 08:19:24 [notice] 1#1: start worker process 22
2023/08/19 08:19:24 [notice] 1#1: start worker process 23
2023/08/19 08:44:21 [notice] 1#1: signal 3 (SIGQUIT) received, shutting down
2023/08/19 08:44:21 [notice] 20#20: gracefully shutting down
2023/08/19 08:44:21 [notice] 21#21: gracefully shutting down
2023/08/19 08:44:21 [notice] 23#23: gracefully shutting down
2023/08/19 08:44:21 [notice] 22#22: gracefully shutting down
2023/08/19 08:44:21 [notice] 20#20: exiting
2023/08/19 08:44:21 [notice] 21#21: exiting
2023/08/19 08:44:21 [notice] 23#23: exiting
2023/08/19 08:44:21 [notice] 22#22: exiting
2023/08/19 08:44:21 [notice] 20#20: exit
2023/08/19 08:44:21 [notice] 21#21: exit
2023/08/19 08:44:21 [notice] 23#23: exit
2023/08/19 08:44:21 [notice] 22#22: exit
2023/08/19 08:44:21 [notice] 1#1: signal 17 (SIGCHLD) received from 20
2023/08/19 08:44:21 [notice] 1#1: worker process 20 exited with code 0
2023/08/19 08:44:21 [notice] 1#1: signal 29 (SIGIO) received
2023/08/19 08:44:21 [notice] 1#1: signal 17 (SIGCHLD) received from 21
2023/08/19 08:44:21 [notice] 1#1: worker process 21 exited with code 0
2023/08/19 08:44:21 [notice] 1#1: signal 29 (SIGIO) received
2023/08/19 08:44:21 [notice] 1#1: signal 17 (SIGCHLD) received from 23
2023/08/19 08:44:21 [notice] 1#1: worker process 23 exited with code 0
2023/08/19 08:44:21 [notice] 1#1: signal 29 (SIGIO) received
2023/08/19 08:44:21 [notice] 1#1: signal 17 (SIGCHLD) received from 22
2023/08/19 08:44:21 [notice] 1#1: worker process 22 exited with code 0
2023/08/19 08:44:21 [notice] 1#1: exit
2023/08/19 08:44:33 [notice] 1#1: using the "epoll" event method
2023/08/19 08:44:33 [notice] 1#1: nginx/1.25.2
2023/08/19 08:44:33 [notice] 1#1: built by gcc 12.2.0 (Debian 12.2.0-14) 
2023/08/19 08:44:33 [notice] 1#1: OS: Linux 5.15.49-linuxkit
2023/08/19 08:44:33 [notice] 1#1: getrlimit(RLIMIT_NOFILE): 1048576:1048576
2023/08/19 08:44:33 [notice] 1#1: start worker processes
2023/08/19 08:44:33 [notice] 1#1: start worker process 20
2023/08/19 08:44:33 [notice] 1#1: start worker process 21
2023/08/19 08:44:33 [notice] 1#1: start worker process 22
2023/08/19 08:44:33 [notice] 1#1: start worker process 23
2023/08/19 09:02:12 [notice] 1#1: signal 3 (SIGQUIT) received, shutting down
2023/08/19 09:02:12 [notice] 22#22: gracefully shutting down
2023/08/19 09:02:12 [notice] 21#21: gracefully shutting down
2023/08/19 09:02:12 [notice] 21#21: exiting
2023/08/19 09:02:12 [notice] 20#20: gracefully shutting down
2023/08/19 09:02:12 [notice] 23#23: gracefully shutting down
2023/08/19 09:02:12 [notice] 22#22: exiting
2023/08/19 09:02:12 [notice] 21#21: exit
2023/08/19 09:02:12 [notice] 20#20: exiting
2023/08/19 09:02:12 [notice] 23#23: exiting
2023/08/19 09:02:12 [notice] 23#23: exit
2023/08/19 09:02:12 [notice] 22#22: exit
2023/08/19 09:02:12 [notice] 20#20: exit
2023/08/19 09:02:12 [notice] 1#1: signal 17 (SIGCHLD) received from 21
2023/08/19 09:02:12 [notice] 1#1: worker process 21 exited with code 0
2023/08/19 09:02:12 [notice] 1#1: signal 29 (SIGIO) received
2023/08/19 09:02:12 [notice] 1#1: signal 17 (SIGCHLD) received from 23
2023/08/19 09:02:12 [notice] 1#1: worker process 23 exited with code 0
2023/08/19 09:02:12 [notice] 1#1: signal 17 (SIGCHLD) received from 22
2023/08/19 09:02:12 [notice] 1#1: worker process 20 exited with code 0
2023/08/19 09:02:12 [notice] 1#1: worker process 22 exited with code 0
2023/08/19 09:02:12 [notice] 1#1: signal 17 (SIGCHLD) received from 20
2023/08/19 09:02:12 [notice] 1#1: signal 29 (SIGIO) received
2023/08/19 09:02:12 [notice] 1#1: exit
2023/08/19 09:09:01 [notice] 1#1: using the "epoll" event method
2023/08/19 09:09:01 [notice] 1#1: nginx/1.25.2
2023/08/19 09:09:01 [notice] 1#1: built by gcc 12.2.0 (Debian 12.2.0-14) 
2023/08/19 09:09:01 [notice] 1#1: OS: Linux 5.15.49-linuxkit
2023/08/19 09:09:01 [notice] 1#1: getrlimit(RLIMIT_NOFILE): 1048576:1048576
2023/08/19 09:09:01 [notice] 1#1: start worker processes
2023/08/19 09:09:01 [notice] 1#1: start worker process 20
2023/08/19 09:09:01 [notice] 1#1: start worker process 21
2023/08/19 09:09:01 [notice] 1#1: start worker process 22
2023/08/19 09:09:01 [notice] 1#1: start worker process 23
2023/08/19 09:11:32 [notice] 1#1: signal 3 (SIGQUIT) received, shutting down
2023/08/19 09:11:32 [notice] 21#21: gracefully shutting down
2023/08/19 09:11:32 [notice] 22#22: gracefully shutting down
2023/08/19 09:11:32 [notice] 23#23: gracefully shutting down
2023/08/19 09:11:32 [notice] 20#20: gracefully shutting down
2023/08/19 09:11:32 [notice] 21#21: exiting
2023/08/19 09:11:32 [notice] 22#22: exiting
2023/08/19 09:11:32 [notice] 23#23: exiting
2023/08/19 09:11:32 [notice] 23#23: exit
2023/08/19 09:11:32 [notice] 20#20: exiting
2023/08/19 09:11:32 [notice] 21#21: exit
2023/08/19 09:11:32 [notice] 22#22: exit
2023/08/19 09:11:32 [notice] 20#20: exit
2023/08/19 09:11:32 [notice] 1#1: signal 17 (SIGCHLD) received from 21
2023/08/19 09:11:32 [notice] 1#1: worker process 21 exited with code 0
2023/08/19 09:11:32 [notice] 1#1: signal 29 (SIGIO) received
2023/08/19 09:11:32 [notice] 1#1: signal 17 (SIGCHLD) received from 22
2023/08/19 09:11:32 [notice] 1#1: worker process 22 exited with code 0
2023/08/19 09:11:32 [notice] 1#1: signal 29 (SIGIO) received
2023/08/19 09:11:32 [notice] 1#1: signal 17 (SIGCHLD) received from 20
2023/08/19 09:11:32 [notice] 1#1: worker process 20 exited with code 0
2023/08/19 09:11:32 [notice] 1#1: worker process 23 exited with code 0
2023/08/19 09:11:32 [notice] 1#1: exit
2023/08/19 09:11:44 [notice] 1#1: using the "epoll" event method
2023/08/19 09:11:44 [notice] 1#1: nginx/1.25.2
2023/08/19 09:11:44 [notice] 1#1: built by gcc 12.2.0 (Debian 12.2.0-14) 
2023/08/19 09:11:44 [notice] 1#1: OS: Linux 5.15.49-linuxkit
2023/08/19 09:11:44 [notice] 1#1: getrlimit(RLIMIT_NOFILE): 1048576:1048576
2023/08/19 09:11:44 [notice] 1#1: start worker processes
2023/08/19 09:11:44 [notice] 1#1: start worker process 19
2023/08/19 09:11:44 [notice] 1#1: start worker process 20
2023/08/19 09:11:44 [notice] 1#1: start worker process 21
2023/08/19 09:11:44 [notice] 1#1: start worker process 22
2023/08/19 09:13:28 [notice] 1#1: signal 3 (SIGQUIT) received, shutting down
2023/08/19 09:13:28 [notice] 21#21: gracefully shutting down
2023/08/19 09:13:28 [notice] 19#19: gracefully shutting down
2023/08/19 09:13:28 [notice] 20#20: gracefully shutting down
2023/08/19 09:13:28 [notice] 22#22: gracefully shutting down
2023/08/19 09:13:28 [notice] 22#22: exiting
2023/08/19 09:13:28 [notice] 21#21: exiting
2023/08/19 09:13:28 [notice] 21#21: exit
2023/08/19 09:13:28 [notice] 19#19: exiting
2023/08/19 09:13:28 [notice] 20#20: exiting
2023/08/19 09:13:28 [notice] 22#22: exit
2023/08/19 09:13:28 [notice] 19#19: exit
2023/08/19 09:13:28 [notice] 20#20: exit
2023/08/19 09:13:28 [notice] 1#1: signal 17 (SIGCHLD) received from 21
2023/08/19 09:13:28 [notice] 1#1: worker process 21 exited with code 0
2023/08/19 09:13:28 [notice] 1#1: signal 29 (SIGIO) received
2023/08/19 09:13:28 [notice] 1#1: signal 17 (SIGCHLD) received from 19
2023/08/19 09:13:28 [notice] 1#1: worker process 19 exited with code 0
2023/08/19 09:13:28 [notice] 1#1: signal 29 (SIGIO) received
2023/08/19 09:13:28 [notice] 1#1: signal 17 (SIGCHLD) received from 20
2023/08/19 09:13:28 [notice] 1#1: worker process 20 exited with code 0
2023/08/19 09:13:28 [notice] 1#1: signal 29 (SIGIO) received
2023/08/19 09:13:28 [notice] 1#1: signal 17 (SIGCHLD) received from 22
2023/08/19 09:13:28 [notice] 1#1: worker process 22 exited with code 0
2023/08/19 09:13:28 [notice] 1#1: exit
2023/08/19 09:13:40 [notice] 1#1: using the "epoll" event method
2023/08/19 09:13:40 [notice] 1#1: nginx/1.25.2
2023/08/19 09:13:40 [notice] 1#1: built by gcc 12.2.0 (Debian 12.2.0-14) 
2023/08/19 09:13:40 [notice] 1#1: OS: Linux 5.15.49-linuxkit
2023/08/19 09:13:40 [notice] 1#1: getrlimit(RLIMIT_NOFILE): 1048576:1048576
2023/08/19 09:13:40 [notice] 1#1: start worker processes
2023/08/19 09:13:40 [notice] 1#1: start worker process 20
2023/08/19 09:13:40 [notice] 1#1: start worker process 21
2023/08/19 09:13:40 [notice] 1#1: start worker process 22
2023/08/19 09:13:40 [notice] 1#1: start worker process 23
2023/08/19 09:15:32 [notice] 1#1: signal 3 (SIGQUIT) received, shutting down
2023/08/19 09:15:32 [notice] 20#20: gracefully shutting down
2023/08/19 09:15:32 [notice] 21#21: gracefully shutting down
2023/08/19 09:15:32 [notice] 22#22: gracefully shutting down
2023/08/19 09:15:32 [notice] 23#23: gracefully shutting down
2023/08/19 09:15:32 [notice] 20#20: exiting
2023/08/19 09:15:32 [notice] 21#21: exiting
2023/08/19 09:15:32 [notice] 22#22: exiting
2023/08/19 09:15:32 [notice] 23#23: exiting
2023/08/19 09:15:32 [notice] 20#20: exit
2023/08/19 09:15:32 [notice] 21#21: exit
2023/08/19 09:15:32 [notice] 22#22: exit
2023/08/19 09:15:32 [notice] 23#23: exit
2023/08/19 09:15:32 [notice] 1#1: signal 17 (SIGCHLD) received from 20
2023/08/19 09:15:32 [notice] 1#1: worker process 20 exited with code 0
2023/08/19 09:15:32 [notice] 1#1: signal 29 (SIGIO) received
2023/08/19 09:15:32 [notice] 1#1: signal 17 (SIGCHLD) received from 22
2023/08/19 09:15:32 [notice] 1#1: worker process 22 exited with code 0
2023/08/19 09:15:32 [notice] 1#1: signal 29 (SIGIO) received
2023/08/19 09:15:32 [notice] 1#1: signal 17 (SIGCHLD) received from 23
2023/08/19 09:15:32 [notice] 1#1: worker process 21 exited with code 0
2023/08/19 09:15:32 [notice] 1#1: worker process 23 exited with code 0
2023/08/19 09:15:32 [notice] 1#1: exit
2023/08/19 09:16:40 [notice] 1#1: using the "epoll" event method
2023/08/19 09:16:40 [notice] 1#1: nginx/1.25.2
2023/08/19 09:16:40 [notice] 1#1: built by gcc 12.2.0 (Debian 12.2.0-14) 
2023/08/19 09:16:40 [notice] 1#1: OS: Linux 5.15.49-linuxkit
2023/08/19 09:16:40 [notice] 1#1: getrlimit(RLIMIT_NOFILE): 1048576:1048576
2023/08/19 09:16:40 [notice] 1#1: start worker processes
2023/08/19 09:16:40 [notice] 1#1: start worker process 20
2023/08/19 09:16:40 [notice] 1#1: start worker process 21
2023/08/19 09:16:40 [notice] 1#1: start worker process 22
2023/08/19 09:16:40 [notice] 1#1: start worker process 23
2023/08/19 09:35:33 [notice] 1#1: signal 3 (SIGQUIT) received, shutting down
2023/08/19 09:35:33 [notice] 20#20: gracefully shutting down
2023/08/19 09:35:33 [notice] 21#21: gracefully shutting down
2023/08/19 09:35:33 [notice] 22#22: gracefully shutting down
2023/08/19 09:35:33 [notice] 23#23: gracefully shutting down
2023/08/19 09:35:33 [notice] 20#20: exiting
2023/08/19 09:35:33 [notice] 21#21: exiting
2023/08/19 09:35:33 [notice] 22#22: exiting
2023/08/19 09:35:33 [notice] 22#22: exit
2023/08/19 09:35:33 [notice] 23#23: exiting
2023/08/19 09:35:33 [notice] 21#21: exit
2023/08/19 09:35:33 [notice] 20#20: exit
2023/08/19 09:35:33 [notice] 23#23: exit
2023/08/19 09:35:33 [notice] 1#1: signal 17 (SIGCHLD) received from 22
2023/08/19 09:35:33 [notice] 1#1: worker process 22 exited with code 0
2023/08/19 09:35:33 [notice] 1#1: worker process 21 exited with code 0
2023/08/19 09:35:33 [notice] 1#1: signal 29 (SIGIO) received
2023/08/19 09:35:33 [notice] 1#1: signal 17 (SIGCHLD) received from 21
2023/08/19 09:35:33 [notice] 1#1: signal 17 (SIGCHLD) received from 20
2023/08/19 09:35:33 [notice] 1#1: worker process 20 exited with code 0
2023/08/19 09:35:33 [notice] 1#1: signal 17 (SIGCHLD) received from 23
2023/08/19 09:35:33 [notice] 1#1: worker process 23 exited with code 0
2023/08/19 09:35:33 [notice] 1#1: exit
2023/08/19 09:36:43 [notice] 1#1: using the "epoll" event method
2023/08/19 09:36:43 [notice] 1#1: nginx/1.25.2
2023/08/19 09:36:43 [notice] 1#1: built by gcc 12.2.0 (Debian 12.2.0-14) 
2023/08/19 09:36:43 [notice] 1#1: OS: Linux 5.15.49-linuxkit
2023/08/19 09:36:43 [notice] 1#1: getrlimit(RLIMIT_NOFILE): 1048576:1048576
2023/08/19 09:36:43 [notice] 1#1: start worker processes
2023/08/19 09:36:43 [notice] 1#1: start worker process 20
2023/08/19 09:36:43 [notice] 1#1: start worker process 21
2023/08/19 09:36:43 [notice] 1#1: start worker process 22
2023/08/19 09:36:43 [notice] 1#1: start worker process 23
2023/08/19 09:39:23 [notice] 1#1: signal 3 (SIGQUIT) received, shutting down
2023/08/19 09:39:23 [notice] 20#20: gracefully shutting down
2023/08/19 09:39:23 [notice] 23#23: gracefully shutting down
2023/08/19 09:39:23 [notice] 22#22: gracefully shutting down
2023/08/19 09:39:23 [notice] 21#21: gracefully shutting down
2023/08/19 09:39:23 [notice] 21#21: exiting
2023/08/19 09:39:23 [notice] 20#20: exiting
2023/08/19 09:39:23 [notice] 23#23: exiting
2023/08/19 09:39:23 [notice] 23#23: exit
2023/08/19 09:39:23 [notice] 22#22: exiting
2023/08/19 09:39:23 [notice] 22#22: exit
2023/08/19 09:39:23 [notice] 21#21: exit
2023/08/19 09:39:23 [notice] 20#20: exit
2023/08/19 09:39:23 [notice] 1#1: signal 17 (SIGCHLD) received from 23
2023/08/19 09:39:23 [notice] 1#1: worker process 23 exited with code 0
2023/08/19 09:39:23 [notice] 1#1: signal 29 (SIGIO) received
2023/08/19 09:39:23 [notice] 1#1: signal 17 (SIGCHLD) received from 21
2023/08/19 09:39:23 [notice] 1#1: worker process 21 exited with code 0
2023/08/19 09:39:23 [notice] 1#1: signal 29 (SIGIO) received
2023/08/19 09:39:23 [notice] 1#1: signal 17 (SIGCHLD) received from 22
2023/08/19 09:39:23 [notice] 1#1: worker process 22 exited with code 0
2023/08/19 09:39:23 [notice] 1#1: signal 29 (SIGIO) received
2023/08/19 09:39:23 [notice] 1#1: signal 17 (SIGCHLD) received from 20
2023/08/19 09:39:23 [notice] 1#1: worker process 20 exited with code 0
2023/08/19 09:39:23 [notice] 1#1: exit
2023/08/19 09:39:38 [notice] 1#1: using the "epoll" event method
2023/08/19 09:39:38 [notice] 1#1: nginx/1.25.2
2023/08/19 09:39:38 [notice] 1#1: built by gcc 12.2.0 (Debian 12.2.0-14) 
2023/08/19 09:39:38 [notice] 1#1: OS: Linux 5.15.49-linuxkit
2023/08/19 09:39:38 [notice] 1#1: getrlimit(RLIMIT_NOFILE): 1048576:1048576
2023/08/19 09:39:38 [notice] 1#1: start worker processes
2023/08/19 09:39:38 [notice] 1#1: start worker process 20
2023/08/19 09:39:38 [notice] 1#1: start worker process 21
2023/08/19 09:39:38 [notice] 1#1: start worker process 22
2023/08/19 09:39:38 [notice] 1#1: start worker process 23
2023/08/19 09:50:34 [notice] 1#1: signal 3 (SIGQUIT) received, shutting down
2023/08/19 09:50:34 [notice] 22#22: gracefully shutting down
2023/08/19 09:50:34 [notice] 22#22: exiting
2023/08/19 09:50:34 [notice] 20#20: gracefully shutting down
2023/08/19 09:50:34 [notice] 20#20: exiting
2023/08/19 09:50:34 [notice] 21#21: gracefully shutting down
2023/08/19 09:50:34 [notice] 23#23: gracefully shutting down
2023/08/19 09:50:34 [notice] 22#22: exit
2023/08/19 09:50:34 [notice] 20#20: exit
2023/08/19 09:50:34 [notice] 21#21: exiting
2023/08/19 09:50:34 [notice] 21#21: exit
2023/08/19 09:50:34 [notice] 23#23: exiting
2023/08/19 09:50:34 [notice] 23#23: exit
2023/08/19 09:50:34 [notice] 1#1: signal 17 (SIGCHLD) received from 22
2023/08/19 09:50:34 [notice] 1#1: worker process 22 exited with code 0
2023/08/19 09:50:34 [notice] 1#1: signal 29 (SIGIO) received
2023/08/19 09:50:34 [notice] 1#1: signal 17 (SIGCHLD) received from 21
2023/08/19 09:50:34 [notice] 1#1: worker process 21 exited with code 0
2023/08/19 09:50:34 [notice] 1#1: signal 29 (SIGIO) received
2023/08/19 09:50:34 [notice] 1#1: signal 17 (SIGCHLD) received from 20
2023/08/19 09:50:34 [notice] 1#1: worker process 20 exited with code 0
2023/08/19 09:50:34 [notice] 1#1: worker process 23 exited with code 0
2023/08/19 09:50:34 [notice] 1#1: exit
2023/08/19 09:50:48 [notice] 1#1: using the "epoll" event method
2023/08/19 09:50:48 [notice] 1#1: nginx/1.25.2
2023/08/19 09:50:48 [notice] 1#1: built by gcc 12.2.0 (Debian 12.2.0-14) 
2023/08/19 09:50:48 [notice] 1#1: OS: Linux 5.15.49-linuxkit
2023/08/19 09:50:48 [notice] 1#1: getrlimit(RLIMIT_NOFILE): 1048576:1048576
2023/08/19 09:50:48 [notice] 1#1: start worker processes
2023/08/19 09:50:48 [notice] 1#1: start worker process 20
2023/08/19 09:50:48 [notice] 1#1: start worker process 21
2023/08/19 09:50:48 [notice] 1#1: start worker process 22
2023/08/19 09:50:48 [notice] 1#1: start worker process 23
2023/08/19 10:00:50 [notice] 1#1: signal 3 (SIGQUIT) received, shutting down
2023/08/19 10:00:50 [notice] 21#21: gracefully shutting down
2023/08/19 10:00:50 [notice] 20#20: gracefully shutting down
2023/08/19 10:00:50 [notice] 20#20: exiting
2023/08/19 10:00:50 [notice] 23#23: gracefully shutting down
2023/08/19 10:00:50 [notice] 22#22: gracefully shutting down
2023/08/19 10:00:50 [notice] 21#21: exiting
2023/08/19 10:00:50 [notice] 20#20: exit
2023/08/19 10:00:50 [notice] 21#21: exit
2023/08/19 10:00:50 [notice] 23#23: exiting
2023/08/19 10:00:50 [notice] 23#23: exit
2023/08/19 10:00:50 [notice] 22#22: exiting
2023/08/19 10:00:50 [notice] 22#22: exit
2023/08/19 10:00:50 [notice] 1#1: signal 17 (SIGCHLD) received from 20
2023/08/19 10:00:50 [notice] 1#1: worker process 20 exited with code 0
2023/08/19 10:00:50 [notice] 1#1: signal 29 (SIGIO) received
2023/08/19 10:00:50 [notice] 1#1: signal 17 (SIGCHLD) received from 21
2023/08/19 10:00:50 [notice] 1#1: worker process 21 exited with code 0
2023/08/19 10:00:50 [notice] 1#1: signal 29 (SIGIO) received
2023/08/19 10:00:50 [notice] 1#1: signal 17 (SIGCHLD) received from 22
2023/08/19 10:00:50 [notice] 1#1: worker process 22 exited with code 0
2023/08/19 10:00:50 [notice] 1#1: signal 29 (SIGIO) received
2023/08/19 10:00:50 [notice] 1#1: signal 17 (SIGCHLD) received from 23
2023/08/19 10:00:50 [notice] 1#1: worker process 23 exited with code 0
2023/08/19 10:00:50 [notice] 1#1: exit
2023/08/19 10:02:07 [notice] 1#1: using the "epoll" event method
2023/08/19 10:02:07 [notice] 1#1: nginx/1.25.2
2023/08/19 10:02:07 [notice] 1#1: built by gcc 12.2.0 (Debian 12.2.0-14) 
2023/08/19 10:02:07 [notice] 1#1: OS: Linux 5.15.49-linuxkit
2023/08/19 10:02:07 [notice] 1#1: getrlimit(RLIMIT_NOFILE): 1048576:1048576
2023/08/19 10:02:07 [notice] 1#1: start worker processes
2023/08/19 10:02:07 [notice] 1#1: start worker process 20
2023/08/19 10:02:07 [notice] 1#1: start worker process 21
2023/08/19 10:02:07 [notice] 1#1: start worker process 22
2023/08/19 10:02:07 [notice] 1#1: start worker process 23
2023/08/19 11:02:03 [notice] 1#1: signal 3 (SIGQUIT) received, shutting down
2023/08/19 11:02:03 [notice] 22#22: gracefully shutting down
2023/08/19 11:02:03 [notice] 22#22: exiting
2023/08/19 11:02:03 [notice] 21#21: gracefully shutting down
2023/08/19 11:02:03 [notice] 21#21: exiting
2023/08/19 11:02:03 [notice] 20#20: gracefully shutting down
2023/08/19 11:02:03 [notice] 20#20: exiting
2023/08/19 11:02:03 [notice] 23#23: gracefully shutting down
2023/08/19 11:02:03 [notice] 22#22: exit
2023/08/19 11:02:03 [notice] 21#21: exit
2023/08/19 11:02:03 [notice] 20#20: exit
2023/08/19 11:02:03 [notice] 23#23: exiting
2023/08/19 11:02:03 [notice] 23#23: exit
2023/08/19 11:02:04 [notice] 1#1: signal 17 (SIGCHLD) received from 21
2023/08/19 11:02:04 [notice] 1#1: worker process 21 exited with code 0
2023/08/19 11:02:04 [notice] 1#1: worker process 22 exited with code 0
2023/08/19 11:02:04 [notice] 1#1: signal 29 (SIGIO) received
2023/08/19 11:02:04 [notice] 1#1: signal 17 (SIGCHLD) received from 23
2023/08/19 11:02:04 [notice] 1#1: worker process 23 exited with code 0
2023/08/19 11:02:04 [notice] 1#1: signal 29 (SIGIO) received
2023/08/19 11:02:04 [notice] 1#1: signal 17 (SIGCHLD) received from 20
2023/08/19 11:02:04 [notice] 1#1: worker process 20 exited with code 0
2023/08/19 11:02:04 [notice] 1#1: exit
2023/08/19 11:03:36 [notice] 1#1: using the "epoll" event method
2023/08/19 11:03:36 [notice] 1#1: nginx/1.25.2
2023/08/19 11:03:36 [notice] 1#1: built by gcc 12.2.0 (Debian 12.2.0-14) 
2023/08/19 11:03:36 [notice] 1#1: OS: Linux 5.15.49-linuxkit
2023/08/19 11:03:36 [notice] 1#1: getrlimit(RLIMIT_NOFILE): 1048576:1048576
2023/08/19 11:03:36 [notice] 1#1: start worker processes
2023/08/19 11:03:36 [notice] 1#1: start worker process 20
2023/08/19 11:03:36 [notice] 1#1: start worker process 21
2023/08/19 11:03:36 [notice] 1#1: start worker process 22
2023/08/19 11:03:36 [notice] 1#1: start worker process 23
2023/08/19 11:06:13 [notice] 1#1: signal 3 (SIGQUIT) received, shutting down
2023/08/19 11:06:13 [notice] 20#20: gracefully shutting down
2023/08/19 11:06:13 [notice] 20#20: exiting
2023/08/19 11:06:13 [notice] 21#21: gracefully shutting down
2023/08/19 11:06:13 [notice] 21#21: exiting
2023/08/19 11:06:13 [notice] 22#22: gracefully shutting down
2023/08/19 11:06:13 [notice] 22#22: exiting
2023/08/19 11:06:13 [notice] 23#23: gracefully shutting down
2023/08/19 11:06:13 [notice] 20#20: exit
2023/08/19 11:06:13 [notice] 21#21: exit
2023/08/19 11:06:13 [notice] 22#22: exit
2023/08/19 11:06:13 [notice] 23#23: exiting
2023/08/19 11:06:13 [notice] 23#23: exit
2023/08/19 11:06:13 [notice] 1#1: signal 17 (SIGCHLD) received from 22
2023/08/19 11:06:13 [notice] 1#1: worker process 20 exited with code 0
2023/08/19 11:06:13 [notice] 1#1: worker process 21 exited with code 0
2023/08/19 11:06:13 [notice] 1#1: worker process 22 exited with code 0
2023/08/19 11:06:13 [notice] 1#1: worker process 23 exited with code 0
2023/08/19 11:06:13 [notice] 1#1: exit
2023/08/19 11:06:53 [notice] 1#1: using the "epoll" event method
2023/08/19 11:06:53 [notice] 1#1: nginx/1.25.2
2023/08/19 11:06:53 [notice] 1#1: built by gcc 12.2.0 (Debian 12.2.0-14) 
2023/08/19 11:06:53 [notice] 1#1: OS: Linux 5.15.49-linuxkit
2023/08/19 11:06:53 [notice] 1#1: getrlimit(RLIMIT_NOFILE): 1048576:1048576
2023/08/19 11:06:53 [notice] 1#1: start worker processes
2023/08/19 11:06:53 [notice] 1#1: start worker process 20
2023/08/19 11:06:53 [notice] 1#1: start worker process 21
2023/08/19 11:06:53 [notice] 1#1: start worker process 22
2023/08/19 11:06:53 [notice] 1#1: start worker process 23
